# JRE version: OpenJDK Runtime Environment (21.0.6) (build 21.0.6+-13391695-b895.109)
# Java VM: OpenJDK 64-Bit Server VM (21.0.6+-13391695-b895.109, mixed mode, tiered, compressed oops, compressed class ptrs, g1 gc, windows-amd64)
GC Precious Log:
 CardTable entry size: 512
 Card Set container configuration: InlinePtr #cards 4 size 8 Array Of Cards #cards 16 size 48 Howl #buckets 8 coarsen threshold 3686 Howl Bitmap #cards 512 size 80 coarsen threshold 460 Card regions per heap region 1 cards per card region 4096
 CPUs: 12 total, 12 available
 Memory: 7916M
 Large Page Support: Disabled
 NUMA Support: Disabled
 Compressed Oops: Enabled (Zero based)
 Heap Region Size: 2M
 Heap Min Capacity: 8M
 Heap Initial Capacity: 124M
 Heap Max Capacity: 4G
 Pre-touch: Disabled
 Parallel Workers: 10
 Concurrent Workers: 3
 Concurrent Refinement Workers: 10
 Periodic GC: Disabled
Heap:
 garbage-first heap   total 593920K, used 380003K [0x0000000700000000, 0x0000000800000000)
  region size 2048K, 9 young (18432K), 9 survivors (18432K)
 Metaspace       used 136080K, committed 138432K, reserved 983040K
  class space    used 18957K, committed 20096K, reserved 851968K
GC Heap History (20 events):
Event: 26.082 GC heap after
{Heap after GC invocations=48 (full 0):
 garbage-first heap   total 264192K, used 144470K [0x0000000700000000, 0x0000000800000000)
  region size 2048K, 7 young (14336K), 7 survivors (14336K)
 Metaspace       used 121126K, committed 123456K, reserved 983040K
  class space    used 16507K, committed 17664K, reserved 851968K
}
Event: 26.179 GC heap before
{Heap before GC invocations=48 (full 0):
 garbage-first heap   total 264192K, used 232534K [0x0000000700000000, 0x0000000800000000)
  region size 2048K, 51 young (104448K), 7 survivors (14336K)
 Metaspace       used 121255K, committed 123584K, reserved 983040K
  class space    used 16522K, committed 17664K, reserved 851968K
}
Event: 26.197 GC heap after
{Heap after GC invocations=49 (full 0):
 garbage-first heap   total 272384K, used 160153K [0x0000000700000000, 0x0000000800000000)
  region size 2048K, 7 young (14336K), 7 survivors (14336K)
 Metaspace       used 121255K, committed 123584K, reserved 983040K
  class space    used 16522K, committed 17664K, reserved 851968K
}
Event: 26.311 GC heap before
{Heap before GC invocations=49 (full 0):
 garbage-first heap   total 272384K, used 237977K [0x0000000700000000, 0x0000000800000000)
  region size 2048K, 46 young (94208K), 7 survivors (14336K)
 Metaspace       used 121484K, committed 123840K, reserved 983040K
  class space    used 16547K, committed 17728K, reserved 851968K
}
Event: 26.323 GC heap after
{Heap after GC invocations=50 (full 0):
 garbage-first heap   total 272384K, used 177043K [0x0000000700000000, 0x0000000800000000)
  region size 2048K, 6 young (12288K), 6 survivors (12288K)
 Metaspace       used 121484K, committed 123840K, reserved 983040K
  class space    used 16547K, committed 17728K, reserved 851968K
}
Event: 27.022 GC heap before
{Heap before GC invocations=51 (full 0):
 garbage-first heap   total 296960K, used 240531K [0x0000000700000000, 0x0000000800000000)
  region size 2048K, 38 young (77824K), 6 survivors (12288K)
 Metaspace       used 125441K, committed 127872K, reserved 983040K
  class space    used 17119K, committed 18304K, reserved 851968K
}
Event: 27.034 GC heap after
{Heap after GC invocations=52 (full 0):
 garbage-first heap   total 296960K, used 187341K [0x0000000700000000, 0x0000000800000000)
  region size 2048K, 5 young (10240K), 5 survivors (10240K)
 Metaspace       used 125441K, committed 127872K, reserved 983040K
  class space    used 17119K, committed 18304K, reserved 851968K
}
Event: 27.154 GC heap before
{Heap before GC invocations=52 (full 0):
 garbage-first heap   total 296960K, used 263117K [0x0000000700000000, 0x0000000800000000)
  region size 2048K, 42 young (86016K), 5 survivors (10240K)
 Metaspace       used 125611K, committed 128000K, reserved 983040K
  class space    used 17131K, committed 18304K, reserved 851968K
}
Event: 27.176 GC heap after
{Heap after GC invocations=53 (full 0):
 garbage-first heap   total 296960K, used 200039K [0x0000000700000000, 0x0000000800000000)
  region size 2048K, 6 young (12288K), 6 survivors (12288K)
 Metaspace       used 125611K, committed 128000K, reserved 983040K
  class space    used 17131K, committed 18304K, reserved 851968K
}
Event: 27.267 GC heap before
{Heap before GC invocations=53 (full 0):
 garbage-first heap   total 296960K, used 265575K [0x0000000700000000, 0x0000000800000000)
  region size 2048K, 38 young (77824K), 6 survivors (12288K)
 Metaspace       used 125815K, committed 128192K, reserved 983040K
  class space    used 17154K, committed 18304K, reserved 851968K
}
Event: 27.286 GC heap after
{Heap after GC invocations=54 (full 0):
 garbage-first heap   total 593920K, used 212992K [0x0000000700000000, 0x0000000800000000)
  region size 2048K, 5 young (10240K), 5 survivors (10240K)
 Metaspace       used 125815K, committed 128192K, reserved 983040K
  class space    used 17154K, committed 18304K, reserved 851968K
}
Event: 28.188 GC heap before
{Heap before GC invocations=55 (full 0):
 garbage-first heap   total 593920K, used 485376K [0x0000000700000000, 0x0000000800000000)
  region size 2048K, 139 young (284672K), 5 survivors (10240K)
 Metaspace       used 128253K, committed 130624K, reserved 983040K
  class space    used 17560K, committed 18752K, reserved 851968K
}
Event: 28.237 GC heap after
{Heap after GC invocations=56 (full 0):
 garbage-first heap   total 593920K, used 263498K [0x0000000700000000, 0x0000000800000000)
  region size 2048K, 18 young (36864K), 18 survivors (36864K)
 Metaspace       used 128253K, committed 130624K, reserved 983040K
  class space    used 17560K, committed 18752K, reserved 851968K
}
Event: 28.656 GC heap before
{Heap before GC invocations=56 (full 0):
 garbage-first heap   total 593920K, used 468298K [0x0000000700000000, 0x0000000800000000)
  region size 2048K, 118 young (241664K), 18 survivors (36864K)
 Metaspace       used 131122K, committed 133504K, reserved 983040K
  class space    used 18081K, committed 19264K, reserved 851968K
}
Event: 28.710 GC heap after
{Heap after GC invocations=57 (full 0):
 garbage-first heap   total 593920K, used 297740K [0x0000000700000000, 0x0000000800000000)
  region size 2048K, 15 young (30720K), 15 survivors (30720K)
 Metaspace       used 131122K, committed 133504K, reserved 983040K
  class space    used 18081K, committed 19264K, reserved 851968K
}
Event: 29.054 GC heap before
{Heap before GC invocations=57 (full 0):
 garbage-first heap   total 593920K, used 488204K [0x0000000700000000, 0x0000000800000000)
  region size 2048K, 109 young (223232K), 15 survivors (30720K)
 Metaspace       used 131761K, committed 134144K, reserved 983040K
  class space    used 18174K, committed 19328K, reserved 851968K
}
Event: 29.096 GC heap after
{Heap after GC invocations=58 (full 0):
 garbage-first heap   total 593920K, used 331776K [0x0000000700000000, 0x0000000800000000)
  region size 2048K, 14 young (28672K), 14 survivors (28672K)
 Metaspace       used 131761K, committed 134144K, reserved 983040K
  class space    used 18174K, committed 19328K, reserved 851968K
}
Event: 29.456 GC heap before
{Heap before GC invocations=58 (full 0):
 garbage-first heap   total 593920K, used 507904K [0x0000000700000000, 0x0000000800000000)
  region size 2048K, 101 young (206848K), 14 survivors (28672K)
 Metaspace       used 132432K, committed 134784K, reserved 983040K
  class space    used 18310K, committed 19456K, reserved 851968K
}
Event: 29.491 GC heap after
{Heap after GC invocations=59 (full 0):
 garbage-first heap   total 593920K, used 361774K [0x0000000700000000, 0x0000000800000000)
  region size 2048K, 13 young (26624K), 13 survivors (26624K)
 Metaspace       used 132432K, committed 134784K, reserved 983040K
  class space    used 18310K, committed 19456K, reserved 851968K
}
Event: 30.113 GC heap before
{Heap before GC invocations=60 (full 0):
 garbage-first heap   total 593920K, used 523566K [0x0000000700000000, 0x0000000800000000)
  region size 2048K, 93 young (190464K), 13 survivors (26624K)
 Metaspace       used 136080K, committed 138432K, reserved 983040K
  class space    used 18957K, committed 20096K, reserved 851968K
}

