# JRE version: OpenJDK Runtime Environment (21.0.6) (build 21.0.6+-13391695-b895.109)
# Java VM: OpenJDK 64-Bit Server VM (21.0.6+-13391695-b895.109, mixed mode, tiered, compressed oops, compressed class ptrs, g1 gc, windows-amd64)
GC Precious Log:
 CardTable entry size: 512
 Card Set container configuration: InlinePtr #cards 4 size 8 Array Of Cards #cards 16 size 48 Howl #buckets 8 coarsen threshold 3686 Howl Bitmap #cards 512 size 80 coarsen threshold 460 Card regions per heap region 1 cards per card region 4096
 CPUs: 12 total, 12 available
 Memory: 7916M
 Large Page Support: Disabled
 NUMA Support: Disabled
 Compressed Oops: Enabled (Zero based)
 Heap Region Size: 2M
 Heap Min Capacity: 8M
 Heap Initial Capacity: 124M
 Heap Max Capacity: 4G
 Pre-touch: Disabled
 Parallel Workers: 10
 Concurrent Workers: 3
 Concurrent Refinement Workers: 10
 Periodic GC: Disabled
Heap:
 garbage-first heap   total 573440K, used 389631K [0x0000000700000000, 0x0000000800000000)
  region size 2048K, 10 young (20480K), 10 survivors (20480K)
 Metaspace       used 128653K, committed 131008K, reserved 983040K
  class space    used 17572K, committed 18752K, reserved 851968K
GC Heap History (20 events):
Event: 26.950 GC heap after
{Heap after GC invocations=48 (full 0):
 garbage-first heap   total 270336K, used 136461K [0x0000000700000000, 0x0000000800000000)
  region size 2048K, 5 young (10240K), 5 survivors (10240K)
 Metaspace       used 120270K, committed 122560K, reserved 983040K
  class space    used 16359K, committed 17472K, reserved 851968K
}
Event: 27.649 GC heap before
{Heap before GC invocations=48 (full 0):
 garbage-first heap   total 270336K, used 240909K [0x0000000700000000, 0x0000000800000000)
  region size 2048K, 56 young (114688K), 5 survivors (10240K)
 Metaspace       used 121338K, committed 123712K, reserved 983040K
  class space    used 16537K, committed 17728K, reserved 851968K
}
Event: 27.664 GC heap after
{Heap after GC invocations=49 (full 0):
 garbage-first heap   total 274432K, used 157987K [0x0000000700000000, 0x0000000800000000)
  region size 2048K, 7 young (14336K), 7 survivors (14336K)
 Metaspace       used 121338K, committed 123712K, reserved 983040K
  class space    used 16537K, committed 17728K, reserved 851968K
}
Event: 27.755 GC heap before
{Heap before GC invocations=49 (full 0):
 garbage-first heap   total 274432K, used 231715K [0x0000000700000000, 0x0000000800000000)
  region size 2048K, 44 young (90112K), 7 survivors (14336K)
 Metaspace       used 121452K, committed 123840K, reserved 983040K
  class space    used 16552K, committed 17728K, reserved 851968K
}
Event: 27.767 GC heap after
{Heap after GC invocations=50 (full 0):
 garbage-first heap   total 274432K, used 175174K [0x0000000700000000, 0x0000000800000000)
  region size 2048K, 6 young (12288K), 6 survivors (12288K)
 Metaspace       used 121452K, committed 123840K, reserved 983040K
  class space    used 16552K, committed 17728K, reserved 851968K
}
Event: 27.847 GC heap before
{Heap before GC invocations=50 (full 0):
 garbage-first heap   total 274432K, used 240710K [0x0000000700000000, 0x0000000800000000)
  region size 2048K, 39 young (79872K), 6 survivors (12288K)
 Metaspace       used 121554K, committed 123904K, reserved 983040K
  class space    used 16558K, committed 17728K, reserved 851968K
}
Event: 27.855 GC heap after
{Heap after GC invocations=51 (full 0):
 garbage-first heap   total 274432K, used 191305K [0x0000000700000000, 0x0000000800000000)
  region size 2048K, 5 young (10240K), 5 survivors (10240K)
 Metaspace       used 121554K, committed 123904K, reserved 983040K
  class space    used 16558K, committed 17728K, reserved 851968K
}
Event: 28.103 GC heap before
{Heap before GC invocations=52 (full 0):
 garbage-first heap   total 321536K, used 242505K [0x0000000700000000, 0x0000000800000000)
  region size 2048K, 31 young (63488K), 5 survivors (10240K)
 Metaspace       used 122025K, committed 124416K, reserved 983040K
  class space    used 16625K, committed 17792K, reserved 851968K
}
Event: 28.110 GC heap after
{Heap after GC invocations=53 (full 0):
 garbage-first heap   total 321536K, used 203924K [0x0000000700000000, 0x0000000800000000)
  region size 2048K, 4 young (8192K), 4 survivors (8192K)
 Metaspace       used 122025K, committed 124416K, reserved 983040K
  class space    used 16625K, committed 17792K, reserved 851968K
}
Event: 28.387 GC heap before
{Heap before GC invocations=53 (full 0):
 garbage-first heap   total 321536K, used 277652K [0x0000000700000000, 0x0000000800000000)
  region size 2048K, 41 young (83968K), 4 survivors (8192K)
 Metaspace       used 123014K, committed 125440K, reserved 983040K
  class space    used 16770K, committed 17984K, reserved 851968K
}
Event: 28.399 GC heap after
{Heap after GC invocations=54 (full 0):
 garbage-first heap   total 538624K, used 222761K [0x0000000700000000, 0x0000000800000000)
  region size 2048K, 6 young (12288K), 6 survivors (12288K)
 Metaspace       used 123014K, committed 125440K, reserved 983040K
  class space    used 16770K, committed 17984K, reserved 851968K
}
Event: 29.144 GC heap before
{Heap before GC invocations=54 (full 0):
 garbage-first heap   total 538624K, used 441897K [0x0000000700000000, 0x0000000800000000)
  region size 2048K, 114 young (233472K), 6 survivors (12288K)
 Metaspace       used 125820K, committed 128256K, reserved 983040K
  class space    used 17158K, committed 18368K, reserved 851968K
}
Event: 29.173 GC heap after
{Heap after GC invocations=55 (full 0):
 garbage-first heap   total 538624K, used 274383K [0x0000000700000000, 0x0000000800000000)
  region size 2048K, 15 young (30720K), 15 survivors (30720K)
 Metaspace       used 125820K, committed 128256K, reserved 983040K
  class space    used 17158K, committed 18368K, reserved 851968K
}
Event: 29.393 GC heap before
{Heap before GC invocations=55 (full 0):
 garbage-first heap   total 538624K, used 434127K [0x0000000700000000, 0x0000000800000000)
  region size 2048K, 93 young (190464K), 15 survivors (30720K)
 Metaspace       used 126179K, committed 128576K, reserved 983040K
  class space    used 17202K, committed 18368K, reserved 851968K
}
Event: 29.425 GC heap after
{Heap after GC invocations=56 (full 0):
 garbage-first heap   total 538624K, used 310762K [0x0000000700000000, 0x0000000800000000)
  region size 2048K, 12 young (24576K), 12 survivors (24576K)
 Metaspace       used 126179K, committed 128576K, reserved 983040K
  class space    used 17202K, committed 18368K, reserved 851968K
}
Event: 29.803 GC heap before
{Heap before GC invocations=56 (full 0):
 garbage-first heap   total 538624K, used 452074K [0x0000000700000000, 0x0000000800000000)
  region size 2048K, 81 young (165888K), 12 survivors (24576K)
 Metaspace       used 127405K, committed 129792K, reserved 983040K
  class space    used 17411K, committed 18624K, reserved 851968K
}
Event: 29.838 GC heap after
{Heap after GC invocations=57 (full 0):
 garbage-first heap   total 538624K, used 343380K [0x0000000700000000, 0x0000000800000000)
  region size 2048K, 11 young (22528K), 11 survivors (22528K)
 Metaspace       used 127405K, committed 129792K, reserved 983040K
  class space    used 17411K, committed 18624K, reserved 851968K
}
Event: 30.304 GC heap before
{Heap before GC invocations=58 (full 0):
 garbage-first heap   total 573440K, used 468308K [0x0000000700000000, 0x0000000800000000)
  region size 2048K, 72 young (147456K), 11 survivors (22528K)
 Metaspace       used 128097K, committed 130496K, reserved 983040K
  class space    used 17528K, committed 18752K, reserved 851968K
}
Event: 30.335 GC heap after
{Heap after GC invocations=59 (full 0):
 garbage-first heap   total 573440K, used 368591K [0x0000000700000000, 0x0000000800000000)
  region size 2048K, 9 young (18432K), 9 survivors (18432K)
 Metaspace       used 128097K, committed 130496K, reserved 983040K
  class space    used 17528K, committed 18752K, reserved 851968K
}
Event: 30.509 GC heap before
{Heap before GC invocations=59 (full 0):
 garbage-first heap   total 573440K, used 501711K [0x0000000700000000, 0x0000000800000000)
  region size 2048K, 75 young (153600K), 9 survivors (18432K)
 Metaspace       used 128653K, committed 131008K, reserved 983040K
  class space    used 17572K, committed 18752K, reserved 851968K
}

